{"/home/luisa/Documentos/desafio-lanchonete/src/caixa-da-lanchonete.js": {"path":"/home/luisa/Documentos/desafio-lanchonete/src/caixa-da-lanchonete.js","all":false,"statementMap":{"0":{"start":{"line":1,"column":0},"end":{"line":1,"column":25}},"1":{"start":{"line":2,"column":0},"end":{"line":2,"column":20}},"2":{"start":{"line":3,"column":0},"end":{"line":3,"column":19}},"3":{"start":{"line":4,"column":0},"end":{"line":4,"column":23}},"4":{"start":{"line":5,"column":0},"end":{"line":5,"column":19}},"5":{"start":{"line":6,"column":0},"end":{"line":6,"column":24}},"6":{"start":{"line":7,"column":0},"end":{"line":7,"column":21}},"7":{"start":{"line":8,"column":0},"end":{"line":8,"column":22}},"8":{"start":{"line":9,"column":0},"end":{"line":9,"column":21}},"9":{"start":{"line":10,"column":0},"end":{"line":10,"column":20}},"10":{"start":{"line":11,"column":0},"end":{"line":11,"column":5}},"11":{"start":{"line":12,"column":0},"end":{"line":12,"column":0}},"12":{"start":{"line":13,"column":0},"end":{"line":13,"column":53}},"13":{"start":{"line":14,"column":0},"end":{"line":14,"column":0}},"14":{"start":{"line":15,"column":0},"end":{"line":15,"column":81}},"15":{"start":{"line":16,"column":0},"end":{"line":16,"column":92}},"16":{"start":{"line":17,"column":0},"end":{"line":17,"column":0}},"17":{"start":{"line":18,"column":0},"end":{"line":18,"column":94}},"18":{"start":{"line":19,"column":0},"end":{"line":19,"column":100}},"19":{"start":{"line":20,"column":0},"end":{"line":20,"column":5}},"20":{"start":{"line":21,"column":0},"end":{"line":21,"column":0}},"21":{"start":{"line":22,"column":0},"end":{"line":22,"column":45}},"22":{"start":{"line":23,"column":0},"end":{"line":23,"column":41}},"23":{"start":{"line":24,"column":0},"end":{"line":24,"column":33}},"24":{"start":{"line":25,"column":0},"end":{"line":25,"column":44}},"25":{"start":{"line":26,"column":0},"end":{"line":26,"column":0}},"26":{"start":{"line":27,"column":0},"end":{"line":27,"column":31}},"27":{"start":{"line":28,"column":0},"end":{"line":28,"column":35}},"28":{"start":{"line":29,"column":0},"end":{"line":29,"column":0}},"29":{"start":{"line":30,"column":0},"end":{"line":30,"column":48}},"30":{"start":{"line":31,"column":0},"end":{"line":31,"column":37}},"31":{"start":{"line":32,"column":0},"end":{"line":32,"column":34}},"32":{"start":{"line":33,"column":0},"end":{"line":33,"column":59}},"33":{"start":{"line":34,"column":0},"end":{"line":34,"column":22}},"34":{"start":{"line":35,"column":0},"end":{"line":35,"column":13}},"35":{"start":{"line":36,"column":0},"end":{"line":36,"column":9}},"36":{"start":{"line":37,"column":0},"end":{"line":37,"column":0}},"37":{"start":{"line":38,"column":0},"end":{"line":38,"column":26}},"38":{"start":{"line":39,"column":0},"end":{"line":39,"column":83}},"39":{"start":{"line":40,"column":0},"end":{"line":40,"column":9}},"40":{"start":{"line":41,"column":0},"end":{"line":41,"column":0}},"41":{"start":{"line":42,"column":0},"end":{"line":42,"column":47}},"42":{"start":{"line":43,"column":0},"end":{"line":43,"column":92}},"43":{"start":{"line":44,"column":0},"end":{"line":44,"column":9}},"44":{"start":{"line":45,"column":0},"end":{"line":45,"column":0}},"45":{"start":{"line":46,"column":0},"end":{"line":46,"column":46}},"46":{"start":{"line":47,"column":0},"end":{"line":47,"column":92}},"47":{"start":{"line":48,"column":0},"end":{"line":48,"column":9}},"48":{"start":{"line":49,"column":0},"end":{"line":49,"column":0}},"49":{"start":{"line":50,"column":0},"end":{"line":50,"column":45}},"50":{"start":{"line":51,"column":0},"end":{"line":51,"column":73}},"51":{"start":{"line":52,"column":0},"end":{"line":52,"column":9}},"52":{"start":{"line":53,"column":0},"end":{"line":53,"column":0}},"53":{"start":{"line":54,"column":0},"end":{"line":54,"column":5}},"54":{"start":{"line":55,"column":0},"end":{"line":55,"column":0}},"55":{"start":{"line":56,"column":0},"end":{"line":56,"column":53}},"56":{"start":{"line":57,"column":0},"end":{"line":57,"column":26}},"57":{"start":{"line":58,"column":0},"end":{"line":58,"column":32}},"58":{"start":{"line":59,"column":0},"end":{"line":59,"column":29}},"59":{"start":{"line":60,"column":0},"end":{"line":60,"column":44}},"60":{"start":{"line":61,"column":0},"end":{"line":61,"column":43}},"61":{"start":{"line":62,"column":0},"end":{"line":62,"column":51}},"62":{"start":{"line":63,"column":0},"end":{"line":63,"column":0}},"63":{"start":{"line":64,"column":0},"end":{"line":64,"column":0}},"64":{"start":{"line":65,"column":0},"end":{"line":65,"column":52}},"65":{"start":{"line":66,"column":0},"end":{"line":66,"column":44}},"66":{"start":{"line":67,"column":0},"end":{"line":67,"column":63}},"67":{"start":{"line":68,"column":0},"end":{"line":68,"column":17}},"68":{"start":{"line":69,"column":0},"end":{"line":69,"column":13}},"69":{"start":{"line":70,"column":0},"end":{"line":70,"column":0}},"70":{"start":{"line":71,"column":0},"end":{"line":71,"column":30}},"71":{"start":{"line":72,"column":0},"end":{"line":72,"column":90}},"72":{"start":{"line":73,"column":0},"end":{"line":73,"column":13}},"73":{"start":{"line":74,"column":0},"end":{"line":74,"column":0}},"74":{"start":{"line":75,"column":0},"end":{"line":75,"column":42}},"75":{"start":{"line":76,"column":0},"end":{"line":76,"column":0}},"76":{"start":{"line":77,"column":0},"end":{"line":77,"column":10}},"77":{"start":{"line":78,"column":0},"end":{"line":78,"column":0}},"78":{"start":{"line":79,"column":0},"end":{"line":79,"column":47}},"79":{"start":{"line":80,"column":0},"end":{"line":80,"column":87}},"80":{"start":{"line":81,"column":0},"end":{"line":81,"column":9}},"81":{"start":{"line":82,"column":0},"end":{"line":82,"column":0}},"82":{"start":{"line":83,"column":0},"end":{"line":83,"column":0}},"83":{"start":{"line":84,"column":0},"end":{"line":84,"column":46}},"84":{"start":{"line":85,"column":0},"end":{"line":85,"column":87}},"85":{"start":{"line":86,"column":0},"end":{"line":86,"column":9}},"86":{"start":{"line":87,"column":0},"end":{"line":87,"column":0}},"87":{"start":{"line":88,"column":0},"end":{"line":88,"column":45}},"88":{"start":{"line":89,"column":0},"end":{"line":89,"column":68}},"89":{"start":{"line":90,"column":0},"end":{"line":90,"column":9}},"90":{"start":{"line":91,"column":0},"end":{"line":91,"column":0}},"91":{"start":{"line":92,"column":0},"end":{"line":92,"column":25}},"92":{"start":{"line":93,"column":0},"end":{"line":93,"column":0}},"93":{"start":{"line":94,"column":0},"end":{"line":94,"column":5}},"94":{"start":{"line":95,"column":0},"end":{"line":95,"column":0}},"95":{"start":{"line":96,"column":0},"end":{"line":96,"column":54}},"96":{"start":{"line":97,"column":0},"end":{"line":97,"column":26}},"97":{"start":{"line":98,"column":0},"end":{"line":98,"column":32}},"98":{"start":{"line":99,"column":0},"end":{"line":99,"column":47}},"99":{"start":{"line":100,"column":0},"end":{"line":100,"column":0}},"100":{"start":{"line":101,"column":0},"end":{"line":101,"column":29}},"101":{"start":{"line":102,"column":0},"end":{"line":102,"column":48}},"102":{"start":{"line":103,"column":0},"end":{"line":103,"column":36}},"103":{"start":{"line":104,"column":0},"end":{"line":104,"column":69}},"104":{"start":{"line":105,"column":0},"end":{"line":105,"column":13}},"105":{"start":{"line":106,"column":0},"end":{"line":106,"column":9}},"106":{"start":{"line":107,"column":0},"end":{"line":107,"column":0}},"107":{"start":{"line":108,"column":0},"end":{"line":108,"column":41}},"108":{"start":{"line":109,"column":0},"end":{"line":109,"column":0}},"109":{"start":{"line":110,"column":0},"end":{"line":110,"column":0}},"110":{"start":{"line":111,"column":0},"end":{"line":111,"column":0}},"111":{"start":{"line":112,"column":0},"end":{"line":112,"column":49}},"112":{"start":{"line":113,"column":0},"end":{"line":113,"column":90}},"113":{"start":{"line":114,"column":0},"end":{"line":114,"column":12}},"114":{"start":{"line":115,"column":0},"end":{"line":115,"column":0}},"115":{"start":{"line":116,"column":0},"end":{"line":116,"column":48}},"116":{"start":{"line":117,"column":0},"end":{"line":117,"column":71}},"117":{"start":{"line":118,"column":0},"end":{"line":118,"column":12}},"118":{"start":{"line":119,"column":0},"end":{"line":119,"column":0}},"119":{"start":{"line":120,"column":0},"end":{"line":120,"column":32}},"120":{"start":{"line":121,"column":0},"end":{"line":121,"column":25}},"121":{"start":{"line":122,"column":0},"end":{"line":122,"column":5}},"122":{"start":{"line":123,"column":0},"end":{"line":123,"column":0}},"123":{"start":{"line":124,"column":0},"end":{"line":124,"column":47}},"124":{"start":{"line":125,"column":0},"end":{"line":125,"column":33}},"125":{"start":{"line":126,"column":0},"end":{"line":126,"column":0}},"126":{"start":{"line":127,"column":0},"end":{"line":127,"column":75}},"127":{"start":{"line":128,"column":0},"end":{"line":128,"column":50}},"128":{"start":{"line":129,"column":0},"end":{"line":129,"column":0}},"129":{"start":{"line":130,"column":0},"end":{"line":130,"column":32}},"130":{"start":{"line":131,"column":0},"end":{"line":131,"column":48}},"131":{"start":{"line":132,"column":0},"end":{"line":132,"column":65}},"132":{"start":{"line":133,"column":0},"end":{"line":133,"column":43}},"133":{"start":{"line":134,"column":0},"end":{"line":134,"column":62}},"134":{"start":{"line":135,"column":0},"end":{"line":135,"column":71}},"135":{"start":{"line":136,"column":0},"end":{"line":136,"column":9}},"136":{"start":{"line":137,"column":0},"end":{"line":137,"column":0}},"137":{"start":{"line":138,"column":0},"end":{"line":138,"column":20}},"138":{"start":{"line":139,"column":0},"end":{"line":139,"column":28}},"139":{"start":{"line":140,"column":0},"end":{"line":140,"column":29}},"140":{"start":{"line":141,"column":0},"end":{"line":141,"column":9}},"141":{"start":{"line":142,"column":0},"end":{"line":142,"column":0}},"142":{"start":{"line":143,"column":0},"end":{"line":143,"column":28}},"143":{"start":{"line":144,"column":0},"end":{"line":144,"column":35}},"144":{"start":{"line":145,"column":0},"end":{"line":145,"column":65}},"145":{"start":{"line":146,"column":0},"end":{"line":146,"column":9}},"146":{"start":{"line":147,"column":0},"end":{"line":147,"column":0}},"147":{"start":{"line":148,"column":0},"end":{"line":148,"column":69}},"148":{"start":{"line":149,"column":0},"end":{"line":149,"column":35}},"149":{"start":{"line":150,"column":0},"end":{"line":150,"column":69}},"150":{"start":{"line":151,"column":0},"end":{"line":151,"column":9}},"151":{"start":{"line":152,"column":0},"end":{"line":152,"column":0}},"152":{"start":{"line":153,"column":0},"end":{"line":153,"column":28}},"153":{"start":{"line":154,"column":0},"end":{"line":154,"column":35}},"154":{"start":{"line":155,"column":0},"end":{"line":155,"column":44}},"155":{"start":{"line":156,"column":0},"end":{"line":156,"column":43}},"156":{"start":{"line":157,"column":0},"end":{"line":157,"column":42}},"157":{"start":{"line":158,"column":0},"end":{"line":158,"column":0}},"158":{"start":{"line":159,"column":0},"end":{"line":159,"column":38}},"159":{"start":{"line":160,"column":0},"end":{"line":160,"column":34}},"160":{"start":{"line":161,"column":0},"end":{"line":161,"column":38}},"161":{"start":{"line":162,"column":0},"end":{"line":162,"column":63}},"162":{"start":{"line":163,"column":0},"end":{"line":163,"column":21}},"163":{"start":{"line":164,"column":0},"end":{"line":164,"column":13}},"164":{"start":{"line":165,"column":0},"end":{"line":165,"column":0}},"165":{"start":{"line":166,"column":0},"end":{"line":166,"column":52}},"166":{"start":{"line":167,"column":0},"end":{"line":167,"column":44}},"167":{"start":{"line":168,"column":0},"end":{"line":168,"column":40}},"168":{"start":{"line":169,"column":0},"end":{"line":169,"column":17}},"169":{"start":{"line":170,"column":0},"end":{"line":170,"column":13}},"170":{"start":{"line":171,"column":0},"end":{"line":171,"column":0}},"171":{"start":{"line":172,"column":0},"end":{"line":172,"column":33}},"172":{"start":{"line":173,"column":0},"end":{"line":173,"column":38}},"173":{"start":{"line":174,"column":0},"end":{"line":174,"column":64}},"174":{"start":{"line":175,"column":0},"end":{"line":175,"column":21}},"175":{"start":{"line":176,"column":0},"end":{"line":176,"column":13}},"176":{"start":{"line":177,"column":0},"end":{"line":177,"column":0}},"177":{"start":{"line":178,"column":0},"end":{"line":178,"column":52}},"178":{"start":{"line":179,"column":0},"end":{"line":179,"column":38}},"179":{"start":{"line":180,"column":0},"end":{"line":180,"column":61}},"180":{"start":{"line":181,"column":0},"end":{"line":181,"column":0}},"181":{"start":{"line":182,"column":0},"end":{"line":182,"column":43}},"182":{"start":{"line":183,"column":0},"end":{"line":183,"column":75}},"183":{"start":{"line":184,"column":0},"end":{"line":184,"column":45}},"184":{"start":{"line":185,"column":0},"end":{"line":185,"column":47}},"185":{"start":{"line":186,"column":0},"end":{"line":186,"column":85}},"186":{"start":{"line":187,"column":0},"end":{"line":187,"column":45}},"187":{"start":{"line":188,"column":0},"end":{"line":188,"column":47}},"188":{"start":{"line":189,"column":0},"end":{"line":189,"column":21}},"189":{"start":{"line":190,"column":0},"end":{"line":190,"column":18}},"190":{"start":{"line":191,"column":0},"end":{"line":191,"column":13}},"191":{"start":{"line":192,"column":0},"end":{"line":192,"column":9}},"192":{"start":{"line":193,"column":0},"end":{"line":193,"column":0}},"193":{"start":{"line":194,"column":0},"end":{"line":194,"column":24}},"194":{"start":{"line":195,"column":0},"end":{"line":195,"column":5}},"195":{"start":{"line":196,"column":0},"end":{"line":196,"column":0}},"196":{"start":{"line":197,"column":0},"end":{"line":197,"column":38}},"197":{"start":{"line":198,"column":0},"end":{"line":198,"column":55}},"198":{"start":{"line":199,"column":0},"end":{"line":199,"column":5}},"199":{"start":{"line":200,"column":0},"end":{"line":200,"column":0}},"200":{"start":{"line":201,"column":0},"end":{"line":201,"column":38}},"201":{"start":{"line":202,"column":0},"end":{"line":202,"column":55}},"202":{"start":{"line":203,"column":0},"end":{"line":203,"column":5}},"203":{"start":{"line":204,"column":0},"end":{"line":204,"column":0}},"204":{"start":{"line":205,"column":0},"end":{"line":205,"column":1}},"205":{"start":{"line":206,"column":0},"end":{"line":206,"column":0}},"206":{"start":{"line":207,"column":0},"end":{"line":207,"column":29}}},"s":{"0":23,"1":23,"2":23,"3":23,"4":23,"5":23,"6":23,"7":23,"8":23,"9":23,"10":23,"11":23,"12":23,"13":23,"14":23,"15":23,"16":12,"17":23,"18":6,"19":23,"20":23,"21":23,"22":6,"23":6,"24":6,"25":6,"26":6,"27":6,"28":6,"29":6,"30":19,"31":6,"32":6,"33":6,"34":6,"35":19,"36":6,"37":6,"38":1,"39":1,"40":6,"41":6,"42":2,"43":2,"44":4,"45":6,"46":1,"47":1,"48":3,"49":3,"50":3,"51":3,"52":6,"53":6,"54":23,"55":23,"56":6,"57":6,"58":6,"59":17,"60":17,"61":17,"62":17,"63":17,"64":17,"65":136,"66":17,"67":17,"68":136,"69":17,"70":17,"71":10,"72":10,"73":17,"74":17,"75":17,"76":6,"77":6,"78":6,"79":1,"80":1,"81":5,"82":5,"83":6,"84":3,"85":3,"86":2,"87":2,"88":2,"89":2,"90":0,"91":0,"92":0,"93":0,"94":23,"95":23,"96":11,"97":11,"98":11,"99":11,"100":11,"101":11,"102":88,"103":11,"104":11,"105":88,"106":11,"107":11,"108":0,"109":0,"110":0,"111":0,"112":0,"113":0,"114":0,"115":0,"116":0,"117":0,"118":0,"119":0,"120":0,"121":0,"122":23,"123":23,"124":23,"125":23,"126":23,"127":23,"128":23,"129":23,"130":23,"131":23,"132":23,"133":23,"134":23,"135":23,"136":23,"137":23,"138":23,"139":23,"140":23,"141":23,"142":23,"143":3,"144":3,"145":3,"146":23,"147":23,"148":1,"149":1,"150":1,"151":23,"152":23,"153":23,"154":33,"155":33,"156":33,"157":33,"158":33,"159":33,"160":1,"161":1,"162":1,"163":1,"164":32,"165":33,"166":256,"167":30,"168":30,"169":256,"170":32,"171":33,"172":2,"173":2,"174":2,"175":2,"176":30,"177":33,"178":9,"179":9,"180":9,"181":9,"182":20,"183":0,"184":0,"185":20,"186":5,"187":5,"188":5,"189":9,"190":9,"191":33,"192":23,"193":23,"194":23,"195":23,"196":23,"197":3,"198":3,"199":23,"200":23,"201":4,"202":4,"203":23,"204":23,"205":1,"206":1},"branchMap":{"0":{"type":"branch","line":1,"loc":{"start":{"line":1,"column":0},"end":{"line":205,"column":1}},"locations":[{"start":{"line":1,"column":0},"end":{"line":205,"column":1}}]},"1":{"type":"branch","line":13,"loc":{"start":{"line":13,"column":4},"end":{"line":20,"column":5}},"locations":[{"start":{"line":13,"column":4},"end":{"line":20,"column":5}}]},"2":{"type":"branch","line":16,"loc":{"start":{"line":16,"column":48},"end":{"line":16,"column":92}},"locations":[{"start":{"line":16,"column":48},"end":{"line":16,"column":92}}]},"3":{"type":"branch","line":17,"loc":{"start":{"line":17,"column":-1},"end":{"line":18,"column":32}},"locations":[{"start":{"line":17,"column":-1},"end":{"line":18,"column":32}}]},"4":{"type":"branch","line":18,"loc":{"start":{"line":18,"column":32},"end":{"line":19,"column":100}},"locations":[{"start":{"line":18,"column":32},"end":{"line":19,"column":100}}]},"5":{"type":"branch","line":22,"loc":{"start":{"line":22,"column":4},"end":{"line":54,"column":5}},"locations":[{"start":{"line":22,"column":4},"end":{"line":54,"column":5}}]},"6":{"type":"branch","line":30,"loc":{"start":{"line":30,"column":47},"end":{"line":36,"column":9}},"locations":[{"start":{"line":30,"column":47},"end":{"line":36,"column":9}}]},"7":{"type":"branch","line":31,"loc":{"start":{"line":31,"column":36},"end":{"line":35,"column":13}},"locations":[{"start":{"line":31,"column":36},"end":{"line":35,"column":13}}]},"8":{"type":"branch","line":38,"loc":{"start":{"line":38,"column":25},"end":{"line":40,"column":9}},"locations":[{"start":{"line":38,"column":25},"end":{"line":40,"column":9}}]},"9":{"type":"branch","line":42,"loc":{"start":{"line":42,"column":46},"end":{"line":44,"column":9}},"locations":[{"start":{"line":42,"column":46},"end":{"line":44,"column":9}}]},"10":{"type":"branch","line":44,"loc":{"start":{"line":44,"column":8},"end":{"line":46,"column":45}},"locations":[{"start":{"line":44,"column":8},"end":{"line":46,"column":45}}]},"11":{"type":"branch","line":46,"loc":{"start":{"line":46,"column":45},"end":{"line":48,"column":9}},"locations":[{"start":{"line":46,"column":45},"end":{"line":48,"column":9}}]},"12":{"type":"branch","line":48,"loc":{"start":{"line":48,"column":8},"end":{"line":52,"column":9}},"locations":[{"start":{"line":48,"column":8},"end":{"line":52,"column":9}}]},"13":{"type":"branch","line":56,"loc":{"start":{"line":56,"column":4},"end":{"line":94,"column":5}},"locations":[{"start":{"line":56,"column":4},"end":{"line":94,"column":5}}]},"14":{"type":"branch","line":79,"loc":{"start":{"line":79,"column":46},"end":{"line":81,"column":9}},"locations":[{"start":{"line":79,"column":46},"end":{"line":81,"column":9}}]},"15":{"type":"branch","line":81,"loc":{"start":{"line":81,"column":8},"end":{"line":84,"column":45}},"locations":[{"start":{"line":81,"column":8},"end":{"line":84,"column":45}}]},"16":{"type":"branch","line":84,"loc":{"start":{"line":84,"column":45},"end":{"line":86,"column":9}},"locations":[{"start":{"line":84,"column":45},"end":{"line":86,"column":9}}]},"17":{"type":"branch","line":86,"loc":{"start":{"line":86,"column":8},"end":{"line":90,"column":9}},"locations":[{"start":{"line":86,"column":8},"end":{"line":90,"column":9}}]},"18":{"type":"branch","line":90,"loc":{"start":{"line":90,"column":8},"end":{"line":94,"column":5}},"locations":[{"start":{"line":90,"column":8},"end":{"line":94,"column":5}}]},"19":{"type":"branch","line":59,"loc":{"start":{"line":59,"column":19},"end":{"line":77,"column":9}},"locations":[{"start":{"line":59,"column":19},"end":{"line":77,"column":9}}]},"20":{"type":"branch","line":65,"loc":{"start":{"line":65,"column":51},"end":{"line":69,"column":13}},"locations":[{"start":{"line":65,"column":51},"end":{"line":69,"column":13}}]},"21":{"type":"branch","line":66,"loc":{"start":{"line":66,"column":43},"end":{"line":68,"column":17}},"locations":[{"start":{"line":66,"column":43},"end":{"line":68,"column":17}}]},"22":{"type":"branch","line":71,"loc":{"start":{"line":71,"column":29},"end":{"line":73,"column":13}},"locations":[{"start":{"line":71,"column":29},"end":{"line":73,"column":13}}]},"23":{"type":"branch","line":96,"loc":{"start":{"line":96,"column":4},"end":{"line":122,"column":5}},"locations":[{"start":{"line":96,"column":4},"end":{"line":122,"column":5}}]},"24":{"type":"branch","line":102,"loc":{"start":{"line":102,"column":47},"end":{"line":106,"column":9}},"locations":[{"start":{"line":102,"column":47},"end":{"line":106,"column":9}}]},"25":{"type":"branch","line":103,"loc":{"start":{"line":103,"column":35},"end":{"line":105,"column":13}},"locations":[{"start":{"line":103,"column":35},"end":{"line":105,"column":13}}]},"26":{"type":"branch","line":109,"loc":{"start":{"line":109,"column":-1},"end":{"line":122,"column":5}},"locations":[{"start":{"line":109,"column":-1},"end":{"line":122,"column":5}}]},"27":{"type":"branch","line":124,"loc":{"start":{"line":124,"column":4},"end":{"line":195,"column":5}},"locations":[{"start":{"line":124,"column":4},"end":{"line":195,"column":5}}]},"28":{"type":"branch","line":143,"loc":{"start":{"line":143,"column":27},"end":{"line":146,"column":9}},"locations":[{"start":{"line":143,"column":27},"end":{"line":146,"column":9}}]},"29":{"type":"branch","line":148,"loc":{"start":{"line":148,"column":68},"end":{"line":151,"column":9}},"locations":[{"start":{"line":148,"column":68},"end":{"line":151,"column":9}}]},"30":{"type":"branch","line":154,"loc":{"start":{"line":154,"column":34},"end":{"line":192,"column":9}},"locations":[{"start":{"line":154,"column":34},"end":{"line":192,"column":9}}]},"31":{"type":"branch","line":160,"loc":{"start":{"line":160,"column":33},"end":{"line":164,"column":13}},"locations":[{"start":{"line":160,"column":33},"end":{"line":164,"column":13}}]},"32":{"type":"branch","line":164,"loc":{"start":{"line":164,"column":12},"end":{"line":166,"column":51}},"locations":[{"start":{"line":164,"column":12},"end":{"line":166,"column":51}}]},"33":{"type":"branch","line":166,"loc":{"start":{"line":166,"column":51},"end":{"line":170,"column":13}},"locations":[{"start":{"line":166,"column":51},"end":{"line":170,"column":13}}]},"34":{"type":"branch","line":167,"loc":{"start":{"line":167,"column":43},"end":{"line":169,"column":17}},"locations":[{"start":{"line":167,"column":43},"end":{"line":169,"column":17}}]},"35":{"type":"branch","line":170,"loc":{"start":{"line":170,"column":12},"end":{"line":172,"column":32}},"locations":[{"start":{"line":170,"column":12},"end":{"line":172,"column":32}}]},"36":{"type":"branch","line":172,"loc":{"start":{"line":172,"column":32},"end":{"line":176,"column":13}},"locations":[{"start":{"line":172,"column":32},"end":{"line":176,"column":13}}]},"37":{"type":"branch","line":176,"loc":{"start":{"line":176,"column":12},"end":{"line":178,"column":51}},"locations":[{"start":{"line":176,"column":12},"end":{"line":178,"column":51}}]},"38":{"type":"branch","line":178,"loc":{"start":{"line":178,"column":51},"end":{"line":191,"column":13}},"locations":[{"start":{"line":178,"column":51},"end":{"line":191,"column":13}}]},"39":{"type":"branch","line":182,"loc":{"start":{"line":182,"column":30},"end":{"line":190,"column":17}},"locations":[{"start":{"line":182,"column":30},"end":{"line":190,"column":17}}]},"40":{"type":"branch","line":183,"loc":{"start":{"line":183,"column":50},"end":{"line":183,"column":72}},"locations":[{"start":{"line":183,"column":50},"end":{"line":183,"column":72}}]},"41":{"type":"branch","line":183,"loc":{"start":{"line":183,"column":74},"end":{"line":186,"column":21}},"locations":[{"start":{"line":183,"column":74},"end":{"line":186,"column":21}}]},"42":{"type":"branch","line":186,"loc":{"start":{"line":186,"column":55},"end":{"line":186,"column":82}},"locations":[{"start":{"line":186,"column":55},"end":{"line":186,"column":82}}]},"43":{"type":"branch","line":186,"loc":{"start":{"line":186,"column":84},"end":{"line":189,"column":21}},"locations":[{"start":{"line":186,"column":84},"end":{"line":189,"column":21}}]},"44":{"type":"branch","line":197,"loc":{"start":{"line":197,"column":4},"end":{"line":199,"column":5}},"locations":[{"start":{"line":197,"column":4},"end":{"line":199,"column":5}}]},"45":{"type":"branch","line":201,"loc":{"start":{"line":201,"column":4},"end":{"line":203,"column":5}},"locations":[{"start":{"line":201,"column":4},"end":{"line":203,"column":5}}]}},"b":{"0":[23],"1":[23],"2":[11],"3":[12],"4":[6],"5":[6],"6":[19],"7":[6],"8":[1],"9":[2],"10":[4],"11":[1],"12":[3],"13":[6],"14":[1],"15":[5],"16":[3],"17":[2],"18":[0],"19":[17],"20":[136],"21":[17],"22":[10],"23":[11],"24":[88],"25":[11],"26":[0],"27":[23],"28":[3],"29":[1],"30":[33],"31":[1],"32":[32],"33":[256],"34":[30],"35":[32],"36":[2],"37":[30],"38":[9],"39":[20],"40":[2],"41":[0],"42":[18],"43":[5],"44":[3],"45":[4]},"fnMap":{"0":{"name":"<instance_members_initializer>","decl":{"start":{"line":1,"column":0},"end":{"line":205,"column":1}},"loc":{"start":{"line":1,"column":0},"end":{"line":205,"column":1}},"line":1},"1":{"name":"calcularValorDaCompra","decl":{"start":{"line":13,"column":4},"end":{"line":20,"column":5}},"loc":{"start":{"line":13,"column":4},"end":{"line":20,"column":5}},"line":13},"2":{"name":"compraSimples","decl":{"start":{"line":22,"column":4},"end":{"line":54,"column":5}},"loc":{"start":{"line":22,"column":4},"end":{"line":54,"column":5}},"line":22},"3":{"name":"compraComMaisDeUmItem","decl":{"start":{"line":56,"column":4},"end":{"line":94,"column":5}},"loc":{"start":{"line":56,"column":4},"end":{"line":94,"column":5}},"line":56},"4":{"name":"compraComMultiplosItens","decl":{"start":{"line":96,"column":4},"end":{"line":122,"column":5}},"loc":{"start":{"line":96,"column":4},"end":{"line":122,"column":5}},"line":96},"5":{"name":"validacaoCompra","decl":{"start":{"line":124,"column":4},"end":{"line":195,"column":5}},"loc":{"start":{"line":124,"column":4},"end":{"line":195,"column":5}},"line":124},"6":{"name":"descontoPagamentoDinheiro","decl":{"start":{"line":197,"column":4},"end":{"line":199,"column":5}},"loc":{"start":{"line":197,"column":4},"end":{"line":199,"column":5}},"line":197},"7":{"name":"acrescimoPagamentoCredito","decl":{"start":{"line":201,"column":4},"end":{"line":203,"column":5}},"loc":{"start":{"line":201,"column":4},"end":{"line":203,"column":5}},"line":201}},"f":{"0":23,"1":23,"2":6,"3":6,"4":11,"5":23,"6":3,"7":4}}
}
