TN:
SF:src/caixa-da-lanchonete.js
FN:1,<instance_members_initializer>
FN:13,calcularValorDaCompra
FN:22,compraSimples
FN:56,compraComMaisDeUmItem
FN:96,compraComMultiplosItens
FN:124,validacaoCompra
FN:197,descontoPagamentoDinheiro
FN:201,acrescimoPagamentoCredito
FNF:8
FNH:8
FNDA:23,<instance_members_initializer>
FNDA:23,calcularValorDaCompra
FNDA:6,compraSimples
FNDA:6,compraComMaisDeUmItem
FNDA:11,compraComMultiplosItens
FNDA:23,validacaoCompra
FNDA:3,descontoPagamentoDinheiro
FNDA:4,acrescimoPagamentoCredito
DA:1,23
DA:2,23
DA:3,23
DA:4,23
DA:5,23
DA:6,23
DA:7,23
DA:8,23
DA:9,23
DA:10,23
DA:11,23
DA:12,23
DA:13,23
DA:14,23
DA:15,23
DA:16,23
DA:17,12
DA:18,23
DA:19,6
DA:20,23
DA:21,23
DA:22,23
DA:23,6
DA:24,6
DA:25,6
DA:26,6
DA:27,6
DA:28,6
DA:29,6
DA:30,6
DA:31,19
DA:32,6
DA:33,6
DA:34,6
DA:35,6
DA:36,19
DA:37,6
DA:38,6
DA:39,1
DA:40,1
DA:41,6
DA:42,6
DA:43,2
DA:44,2
DA:45,4
DA:46,6
DA:47,1
DA:48,1
DA:49,3
DA:50,3
DA:51,3
DA:52,3
DA:53,6
DA:54,6
DA:55,23
DA:56,23
DA:57,6
DA:58,6
DA:59,6
DA:60,17
DA:61,17
DA:62,17
DA:63,17
DA:64,17
DA:65,17
DA:66,136
DA:67,17
DA:68,17
DA:69,136
DA:70,17
DA:71,17
DA:72,10
DA:73,10
DA:74,17
DA:75,17
DA:76,17
DA:77,6
DA:78,6
DA:79,6
DA:80,1
DA:81,1
DA:82,5
DA:83,5
DA:84,6
DA:85,3
DA:86,3
DA:87,2
DA:88,2
DA:89,2
DA:90,2
DA:91,0
DA:92,0
DA:93,0
DA:94,0
DA:95,23
DA:96,23
DA:97,11
DA:98,11
DA:99,11
DA:100,11
DA:101,11
DA:102,11
DA:103,88
DA:104,11
DA:105,11
DA:106,88
DA:107,11
DA:108,11
DA:109,0
DA:110,0
DA:111,0
DA:112,0
DA:113,0
DA:114,0
DA:115,0
DA:116,0
DA:117,0
DA:118,0
DA:119,0
DA:120,0
DA:121,0
DA:122,0
DA:123,23
DA:124,23
DA:125,23
DA:126,23
DA:127,23
DA:128,23
DA:129,23
DA:130,23
DA:131,23
DA:132,23
DA:133,23
DA:134,23
DA:135,23
DA:136,23
DA:137,23
DA:138,23
DA:139,23
DA:140,23
DA:141,23
DA:142,23
DA:143,23
DA:144,3
DA:145,3
DA:146,3
DA:147,23
DA:148,23
DA:149,1
DA:150,1
DA:151,1
DA:152,23
DA:153,23
DA:154,23
DA:155,33
DA:156,33
DA:157,33
DA:158,33
DA:159,33
DA:160,33
DA:161,1
DA:162,1
DA:163,1
DA:164,1
DA:165,32
DA:166,33
DA:167,256
DA:168,30
DA:169,30
DA:170,256
DA:171,32
DA:172,33
DA:173,2
DA:174,2
DA:175,2
DA:176,2
DA:177,30
DA:178,33
DA:179,9
DA:180,9
DA:181,9
DA:182,9
DA:183,20
DA:184,0
DA:185,0
DA:186,20
DA:187,5
DA:188,5
DA:189,5
DA:190,9
DA:191,9
DA:192,33
DA:193,23
DA:194,23
DA:195,23
DA:196,23
DA:197,23
DA:198,3
DA:199,3
DA:200,23
DA:201,23
DA:202,4
DA:203,4
DA:204,23
DA:205,23
DA:206,1
DA:207,1
LF:207
LH:187
BRDA:1,0,0,23
BRDA:13,1,0,23
BRDA:16,2,0,11
BRDA:17,3,0,12
BRDA:18,4,0,6
BRDA:22,5,0,6
BRDA:30,6,0,19
BRDA:31,7,0,6
BRDA:38,8,0,1
BRDA:42,9,0,2
BRDA:44,10,0,4
BRDA:46,11,0,1
BRDA:48,12,0,3
BRDA:56,13,0,6
BRDA:79,14,0,1
BRDA:81,15,0,5
BRDA:84,16,0,3
BRDA:86,17,0,2
BRDA:90,18,0,0
BRDA:59,19,0,17
BRDA:65,20,0,136
BRDA:66,21,0,17
BRDA:71,22,0,10
BRDA:96,23,0,11
BRDA:102,24,0,88
BRDA:103,25,0,11
BRDA:109,26,0,0
BRDA:124,27,0,23
BRDA:143,28,0,3
BRDA:148,29,0,1
BRDA:154,30,0,33
BRDA:160,31,0,1
BRDA:164,32,0,32
BRDA:166,33,0,256
BRDA:167,34,0,30
BRDA:170,35,0,32
BRDA:172,36,0,2
BRDA:176,37,0,30
BRDA:178,38,0,9
BRDA:182,39,0,20
BRDA:183,40,0,2
BRDA:183,41,0,0
BRDA:186,42,0,18
BRDA:186,43,0,5
BRDA:197,44,0,3
BRDA:201,45,0,4
BRF:46
BRH:43
end_of_record
